<?xml version="1.0" encoding="UTF-8"?>
<testsuite name="com.example.codingtask.services.AwardingPointsServiceTests" tests="5" skipped="0" failures="0" errors="0" timestamp="2023-02-21T16:03:35" hostname="MBP-Kamcio.vberry.net" time="0.111">
  <properties/>
  <testcase name="Should return subtraction between amount and lower threshold by given multiplier" classname="com.example.codingtask.services.AwardingPointsServiceTests" time="0.005"/>
  <testcase name="Should return subtraction between amount and lower threshold by given multiplier" classname="com.example.codingtask.services.AwardingPointsServiceTests" time="0.004"/>
  <testcase name="Should return zero for money amount lower than lowest threshold" classname="com.example.codingtask.services.AwardingPointsServiceTests" time="0.083"/>
  <testcase name="Should return a valid number for amount above second threshold" classname="com.example.codingtask.services.AwardingPointsServiceTests" time="0.004"/>
  <testcase name="Should return zero for money amount exactly at first threshold" classname="com.example.codingtask.services.AwardingPointsServiceTests" time="0.005"/>
  <system-out><![CDATA[2023-02-21 17:03:35.683  INFO 4332 --- [    Test worker] .b.t.c.SpringBootTestContextBootstrapper : Neither @ContextConfiguration nor @ContextHierarchy found for test class [com.example.codingtask.services.AwardingPointsServiceTests], using SpringBootContextLoader
2023-02-21 17:03:35.685  INFO 4332 --- [    Test worker] o.s.t.c.support.AbstractContextLoader    : Could not detect default resource locations for test class [com.example.codingtask.services.AwardingPointsServiceTests]: no resource found for suffixes {-context.xml, Context.groovy}.
2023-02-21 17:03:35.687  INFO 4332 --- [    Test worker] t.c.s.AnnotationConfigContextLoaderUtils : Could not detect default configuration classes for test class [com.example.codingtask.services.AwardingPointsServiceTests]: AwardingPointsServiceTests does not declare any static, non-private, non-final, nested classes annotated with @Configuration.
2023-02-21 17:03:35.694  INFO 4332 --- [    Test worker] .b.t.c.SpringBootTestContextBootstrapper : Found @SpringBootConfiguration com.example.codingtask.CodingTaskApplication for test class com.example.codingtask.services.AwardingPointsServiceTests
2023-02-21 17:03:35.696  INFO 4332 --- [    Test worker] .b.t.c.SpringBootTestContextBootstrapper : Loaded default TestExecutionListener class names from location [META-INF/spring.factories]: [org.springframework.boot.test.autoconfigure.restdocs.RestDocsTestExecutionListener, org.springframework.boot.test.autoconfigure.web.client.MockRestServiceServerResetTestExecutionListener, org.springframework.boot.test.autoconfigure.web.servlet.MockMvcPrintOnlyOnFailureTestExecutionListener, org.springframework.boot.test.autoconfigure.web.servlet.WebDriverTestExecutionListener, org.springframework.boot.test.autoconfigure.webservices.client.MockWebServiceServerTestExecutionListener, org.springframework.boot.test.mock.mockito.MockitoTestExecutionListener, org.springframework.boot.test.mock.mockito.ResetMocksTestExecutionListener, org.springframework.test.context.web.ServletTestExecutionListener, org.springframework.test.context.support.DirtiesContextBeforeModesTestExecutionListener, org.springframework.test.context.event.ApplicationEventsTestExecutionListener, org.springframework.test.context.support.DependencyInjectionTestExecutionListener, org.springframework.test.context.support.DirtiesContextTestExecutionListener, org.springframework.test.context.transaction.TransactionalTestExecutionListener, org.springframework.test.context.jdbc.SqlScriptsTestExecutionListener, org.springframework.test.context.event.EventPublishingTestExecutionListener]
2023-02-21 17:03:35.699  INFO 4332 --- [    Test worker] .b.t.c.SpringBootTestContextBootstrapper : Using TestExecutionListeners: [org.springframework.test.context.web.ServletTestExecutionListener@2c668c2a, org.springframework.test.context.support.DirtiesContextBeforeModesTestExecutionListener@6efd0a6e, org.springframework.test.context.event.ApplicationEventsTestExecutionListener@51de5efa, org.springframework.boot.test.mock.mockito.MockitoTestExecutionListener@30228de7, org.springframework.boot.test.autoconfigure.SpringBootDependencyInjectionTestExecutionListener@28bd5015, org.springframework.test.context.support.DirtiesContextTestExecutionListener@2e159116, org.springframework.test.context.event.EventPublishingTestExecutionListener@d1f23a0, org.springframework.boot.test.autoconfigure.restdocs.RestDocsTestExecutionListener@2976ca51, org.springframework.boot.test.autoconfigure.web.client.MockRestServiceServerResetTestExecutionListener@6b091a92, org.springframework.boot.test.autoconfigure.web.servlet.MockMvcPrintOnlyOnFailureTestExecutionListener@6996bbc4, org.springframework.boot.test.autoconfigure.web.servlet.WebDriverTestExecutionListener@1de08775, org.springframework.boot.test.autoconfigure.webservices.client.MockWebServiceServerTestExecutionListener@2dbf2da, org.springframework.boot.test.mock.mockito.ResetMocksTestExecutionListener@21a5b599]
]]></system-out>
  <system-err><![CDATA[]]></system-err>
</testsuite>
