<?xml version="1.0" encoding="UTF-8"?>
<testsuite name="com.example.codingtask.CodingTaskApplicationTests" tests="1" skipped="0" failures="0" errors="0" timestamp="2023-02-21T16:03:34" hostname="MBP-Kamcio.vberry.net" time="0.427">
  <properties/>
  <testcase name="contextLoads()" classname="com.example.codingtask.CodingTaskApplicationTests" time="0.427"/>
  <system-out><![CDATA[17:03:29.772 [Test worker] DEBUG org.springframework.test.context.BootstrapUtils - Instantiating CacheAwareContextLoaderDelegate from class [org.springframework.test.context.cache.DefaultCacheAwareContextLoaderDelegate]
17:03:29.782 [Test worker] DEBUG org.springframework.test.context.BootstrapUtils - Instantiating BootstrapContext using constructor [public org.springframework.test.context.support.DefaultBootstrapContext(java.lang.Class,org.springframework.test.context.CacheAwareContextLoaderDelegate)]
17:03:29.814 [Test worker] DEBUG org.springframework.test.context.BootstrapUtils - Instantiating TestContextBootstrapper for test class [com.example.codingtask.CodingTaskApplicationTests] from class [org.springframework.boot.test.context.SpringBootTestContextBootstrapper]
17:03:29.825 [Test worker] INFO org.springframework.boot.test.context.SpringBootTestContextBootstrapper - Neither @ContextConfiguration nor @ContextHierarchy found for test class [com.example.codingtask.CodingTaskApplicationTests], using SpringBootContextLoader
17:03:29.828 [Test worker] DEBUG org.springframework.test.context.support.AbstractContextLoader - Did not detect default resource location for test class [com.example.codingtask.CodingTaskApplicationTests]: class path resource [com/example/codingtask/CodingTaskApplicationTests-context.xml] does not exist
17:03:29.829 [Test worker] DEBUG org.springframework.test.context.support.AbstractContextLoader - Did not detect default resource location for test class [com.example.codingtask.CodingTaskApplicationTests]: class path resource [com/example/codingtask/CodingTaskApplicationTestsContext.groovy] does not exist
17:03:29.829 [Test worker] INFO org.springframework.test.context.support.AbstractContextLoader - Could not detect default resource locations for test class [com.example.codingtask.CodingTaskApplicationTests]: no resource found for suffixes {-context.xml, Context.groovy}.
17:03:29.830 [Test worker] INFO org.springframework.test.context.support.AnnotationConfigContextLoaderUtils - Could not detect default configuration classes for test class [com.example.codingtask.CodingTaskApplicationTests]: CodingTaskApplicationTests does not declare any static, non-private, non-final, nested classes annotated with @Configuration.
17:03:29.880 [Test worker] DEBUG org.springframework.test.context.support.ActiveProfilesUtils - Could not find an 'annotation declaring class' for annotation type [org.springframework.test.context.ActiveProfiles] and class [com.example.codingtask.CodingTaskApplicationTests]
17:03:29.938 [Test worker] DEBUG org.springframework.context.annotation.ClassPathScanningCandidateComponentProvider - Identified candidate component class: file [/Users/kamilgrzeczkowski/IdeaProjects/CodingTask/build/classes/java/main/com/example/codingtask/CodingTaskApplication.class]
17:03:29.940 [Test worker] INFO org.springframework.boot.test.context.SpringBootTestContextBootstrapper - Found @SpringBootConfiguration com.example.codingtask.CodingTaskApplication for test class com.example.codingtask.CodingTaskApplicationTests
17:03:30.052 [Test worker] DEBUG org.springframework.boot.test.context.SpringBootTestContextBootstrapper - @TestExecutionListeners is not present for class [com.example.codingtask.CodingTaskApplicationTests]: using defaults.
17:03:30.053 [Test worker] INFO org.springframework.boot.test.context.SpringBootTestContextBootstrapper - Loaded default TestExecutionListener class names from location [META-INF/spring.factories]: [org.springframework.boot.test.autoconfigure.restdocs.RestDocsTestExecutionListener, org.springframework.boot.test.autoconfigure.web.client.MockRestServiceServerResetTestExecutionListener, org.springframework.boot.test.autoconfigure.web.servlet.MockMvcPrintOnlyOnFailureTestExecutionListener, org.springframework.boot.test.autoconfigure.web.servlet.WebDriverTestExecutionListener, org.springframework.boot.test.autoconfigure.webservices.client.MockWebServiceServerTestExecutionListener, org.springframework.boot.test.mock.mockito.MockitoTestExecutionListener, org.springframework.boot.test.mock.mockito.ResetMocksTestExecutionListener, org.springframework.test.context.web.ServletTestExecutionListener, org.springframework.test.context.support.DirtiesContextBeforeModesTestExecutionListener, org.springframework.test.context.event.ApplicationEventsTestExecutionListener, org.springframework.test.context.support.DependencyInjectionTestExecutionListener, org.springframework.test.context.support.DirtiesContextTestExecutionListener, org.springframework.test.context.transaction.TransactionalTestExecutionListener, org.springframework.test.context.jdbc.SqlScriptsTestExecutionListener, org.springframework.test.context.event.EventPublishingTestExecutionListener]
17:03:30.066 [Test worker] DEBUG org.springframework.boot.test.context.SpringBootTestContextBootstrapper - Skipping candidate TestExecutionListener [org.springframework.test.context.transaction.TransactionalTestExecutionListener] due to a missing dependency. Specify custom listener classes or make the default listener classes and their required dependencies available. Offending class: [org/springframework/transaction/TransactionDefinition]
17:03:30.066 [Test worker] DEBUG org.springframework.boot.test.context.SpringBootTestContextBootstrapper - Skipping candidate TestExecutionListener [org.springframework.test.context.jdbc.SqlScriptsTestExecutionListener] due to a missing dependency. Specify custom listener classes or make the default listener classes and their required dependencies available. Offending class: [org/springframework/transaction/interceptor/TransactionAttribute]
17:03:30.067 [Test worker] INFO org.springframework.boot.test.context.SpringBootTestContextBootstrapper - Using TestExecutionListeners: [org.springframework.test.context.web.ServletTestExecutionListener@14bb2297, org.springframework.test.context.support.DirtiesContextBeforeModesTestExecutionListener@69adf72c, org.springframework.test.context.event.ApplicationEventsTestExecutionListener@797501a, org.springframework.boot.test.mock.mockito.MockitoTestExecutionListener@1a15b789, org.springframework.boot.test.autoconfigure.SpringBootDependencyInjectionTestExecutionListener@57f791c6, org.springframework.test.context.support.DirtiesContextTestExecutionListener@51650883, org.springframework.test.context.event.EventPublishingTestExecutionListener@6c4f9535, org.springframework.boot.test.autoconfigure.restdocs.RestDocsTestExecutionListener@5bd1ceca, org.springframework.boot.test.autoconfigure.web.client.MockRestServiceServerResetTestExecutionListener@30c31dd7, org.springframework.boot.test.autoconfigure.web.servlet.MockMvcPrintOnlyOnFailureTestExecutionListener@499b2a5c, org.springframework.boot.test.autoconfigure.web.servlet.WebDriverTestExecutionListener@596df867, org.springframework.boot.test.autoconfigure.webservices.client.MockWebServiceServerTestExecutionListener@c1fca1e, org.springframework.boot.test.mock.mockito.ResetMocksTestExecutionListener@241a53ef]
17:03:30.071 [Test worker] DEBUG org.springframework.test.context.support.AbstractDirtiesContextTestExecutionListener - Before test class: context [DefaultTestContext@3aacf32a testClass = CodingTaskApplicationTests, testInstance = [null], testMethod = [null], testException = [null], mergedContextConfiguration = [WebMergedContextConfiguration@4fdfa676 testClass = CodingTaskApplicationTests, locations = '{}', classes = '{class com.example.codingtask.CodingTaskApplication}', contextInitializerClasses = '[]', activeProfiles = '{}', propertySourceLocations = '{}', propertySourceProperties = '{org.springframework.boot.test.context.SpringBootTestContextBootstrapper=true}', contextCustomizers = set[org.springframework.boot.test.autoconfigure.actuate.metrics.MetricsExportContextCustomizerFactory$DisableMetricExportContextCustomizer@488eb7f2, org.springframework.boot.test.autoconfigure.properties.PropertyMappingContextCustomizer@0, org.springframework.boot.test.autoconfigure.web.servlet.WebDriverContextCustomizerFactory$Customizer@4da602fc, org.springframework.boot.test.context.filter.ExcludeFilterContextCustomizer@72758afa, org.springframework.boot.test.json.DuplicateJsonObjectContextCustomizerFactory$DuplicateJsonObjectContextCustomizer@607fbe09, org.springframework.boot.test.mock.mockito.MockitoContextCustomizer@0, org.springframework.boot.test.web.client.TestRestTemplateContextCustomizer@62f4ff3b, org.springframework.boot.test.context.SpringBootTestArgs@1, org.springframework.boot.test.context.SpringBootTestWebEnvironment@13d73f29], resourceBasePath = 'src/main/webapp', contextLoader = 'org.springframework.boot.test.context.SpringBootContextLoader', parent = [null]], attributes = map['org.springframework.test.context.web.ServletTestExecutionListener.activateListener' -> true]], class annotated with @DirtiesContext [false] with mode [null].

  .   ____          _            __ _ _
 /\\ / ___'_ __ _ _(_)_ __  __ _ \ \ \ \
( ( )\___ | '_ | '_| | '_ \/ _` | \ \ \ \
 \\/  ___)| |_)| | | | | || (_| |  ) ) ) )
  '  |____| .__|_| |_|_| |_\__, | / / / /
 =========|_|==============|___/=/_/_/_/
 :: Spring Boot ::                (v2.7.8)

2023-02-21 17:03:32.270  INFO 4332 --- [    Test worker] c.e.c.CodingTaskApplicationTests         : Starting CodingTaskApplicationTests using Java 11.0.11 on MBP-Kamcio.vberry.net with PID 4332 (started by kamilgrzeczkowski in /Users/kamilgrzeczkowski/IdeaProjects/CodingTask)
2023-02-21 17:03:32.272  INFO 4332 --- [    Test worker] c.e.c.CodingTaskApplicationTests         : No active profile set, falling back to 1 default profile: "default"
2023-02-21 17:03:34.083  INFO 4332 --- [    Test worker] c.e.c.CodingTaskApplicationTests         : Started CodingTaskApplicationTests in 3.954 seconds (JVM running for 5.08)
]]></system-out>
  <system-err><![CDATA[]]></system-err>
</testsuite>
